[2025-10-17 04:08:09,939,135] [Starting automation for 30 commits with message: SMS Text Classifier using Sequential Neural Network]
[2025-10-17 04:08:09,940,138] [Processing commit 1/30]
[2025-10-17 04:08:09,940,148] [Automating 2 undo actions in PyCharm...]
[2025-10-17 04:08:09,940,89] [Attempting to focus PyCharm on Windows...]
[2025-10-17 04:08:09,948,106] [PyCharm window focused successfully.]
[2025-10-17 04:08:10,754,161] [Saving README.md in PyCharm...]
[2025-10-17 04:08:11,457,120] [Executing git add...]
[2025-10-17 04:08:11,512,125] [Git add completed successfully.]
[2025-10-17 04:08:11,513,171] [Committing with message: SMS Text Classifier using Sequential Neural Network]
[2025-10-17 04:08:11,513,120] [Executing git commit...]
[2025-10-17 04:08:11,612,125] [Git commit completed successfully.]
[2025-10-17 04:08:11,612,138] [Processing commit 2/30]
[2025-10-17 04:08:11,612,148] [Automating 3 redo actions in PyCharm...]
[2025-10-17 04:08:11,612,89] [Attempting to focus PyCharm on Windows...]
[2025-10-17 04:08:11,613,106] [PyCharm window focused successfully.]
[2025-10-17 04:08:12,820,161] [Saving README.md in PyCharm...]
[2025-10-17 04:08:13,523,120] [Executing git add...]
[2025-10-17 04:08:13,574,125] [Git add completed successfully.]
[2025-10-17 04:08:13,574,171] [Committing with message: SMS Text Classifier using Sequential Neural Network]
[2025-10-17 04:08:13,574,120] [Executing git commit...]
[2025-10-17 04:08:13,654,125] [Git commit completed successfully.]
[2025-10-17 04:08:13,654,138] [Processing commit 3/30]
[2025-10-17 04:08:13,654,148] [Automating 5 undo actions in PyCharm...]
[2025-10-17 04:08:13,654,89] [Attempting to focus PyCharm on Windows...]
[2025-10-17 04:08:13,655,106] [PyCharm window focused successfully.]
[2025-10-17 04:08:15,665,161] [Saving README.md in PyCharm...]
[2025-10-17 04:08:16,367,120] [Executing git add...]
[2025-10-17 04:08:16,456,125] [Git add completed successfully.]
[2025-10-17 04:08:16,456,171] [Committing with message: SMS Text Classifier using Sequential Neural Network]
[2025-10-17 04:08:16,456,120] [Executing git commit...]
[2025-10-17 04:08:16,560,125] [Git commit completed successfully.]
[2025-10-17 04:08:16,560,138] [Processing commit 4/30]
[2025-10-17 04:08:16,560,148] [Automating 7 redo actions in PyCharm...]
[2025-10-17 04:08:16,561,89] [Attempting to focus PyCharm on Windows...]
[2025-10-17 04:08:16,561,106] [PyCharm window focused successfully.]
[2025-10-17 04:08:19,378,161] [Saving README.md in PyCharm...]
